<?xml version="1.0" encoding="UTF-8"?>
<testsuite name="io.cucumber.skeleton.RunCucumberTest" tests="1" skipped="0" failures="0" errors="0" timestamp="2023-01-27T11:38:21" hostname="MUSU" time="0.098">
  <properties/>
  <testcase name="Belly - a few cakes" classname="io.cucumber.skeleton.RunCucumberTest" time="0.098"/>
  <system-out><![CDATA[
Scenario: a few cakes               ?[90m# io/cucumber/skeleton/belly.feature:3?[0m
I have 42 cakes  ?[32mGiven ?[0m?[32mI have ?[0m?[32m?[1m42?[0m?[32m cakes in my belly?[0m ?[90m# io.cucumber.skeleton.StepDefinitions.I_have_cakes_in_my_belly(int)?[0m
Waited for 1 hour  ?[32mWhen ?[0m?[32mI wait ?[0m?[32m?[1m1?[0m?[32m hour?[0m                ?[90m# io.cucumber.skeleton.StepDefinitions.iWaitHour(int)?[0m
Growl!
  ?[32mThen ?[0m?[32mmy belly should growl?[0m        ?[90m# io.cucumber.skeleton.StepDefinitions.myBellyShouldGrowl()?[0m
]]></system-out>
  <system-err><![CDATA[]]></system-err>
</testsuite>
